<?xml version="1.0" encoding="UTF-8"?>
<testng-results skipped="0" failed="0" ignored="0" total="3" passed="3">
  <reporter-output>
  </reporter-output>
  <suite name="nopcommercesuite" duration-ms="53815" started-at="2019-04-18T19:02:40Z" finished-at="2019-04-18T19:03:33Z">
    <groups>
    </groups>
    <test name="chrometest" duration-ms="21426" started-at="2019-04-18T19:02:40Z" finished-at="2019-04-18T19:03:01Z">
      <class name="com.nopCommerce.testcases.LoginPage_TC001">
        <test-method status="PASS" signature="setup(java.lang.String)[pri:0, instance:com.nopCommerce.testcases.LoginPage_TC001@57baeedf]" name="setup" is-config="true" duration-ms="7865" started-at="2019-04-18T19:02:40Z" finished-at="2019-04-18T19:02:48Z">
          <params>
            <param index="0">
              <value>
                <![CDATA[chrome]]>
              </value>
            </param>
          </params>
          <reporter-output>
          </reporter-output>
        </test-method> <!-- setup -->
        <test-method status="PASS" signature="logintest()[pri:0, instance:com.nopCommerce.testcases.LoginPage_TC001@57baeedf]" name="logintest" duration-ms="12487" started-at="2019-04-18T19:02:48Z" finished-at="2019-04-18T19:03:00Z">
          <reporter-output>
          </reporter-output>
        </test-method> <!-- logintest -->
        <test-method status="PASS" signature="tearDown()[pri:0, instance:com.nopCommerce.testcases.LoginPage_TC001@57baeedf]" name="tearDown" is-config="true" duration-ms="603" started-at="2019-04-18T19:03:00Z" finished-at="2019-04-18T19:03:01Z">
          <reporter-output>
          </reporter-output>
        </test-method> <!-- tearDown -->
      </class> <!-- com.nopCommerce.testcases.LoginPage_TC001 -->
    </test> <!-- chrometest -->
    <test name="firefoxtest" duration-ms="20491" started-at="2019-04-18T19:03:02Z" finished-at="2019-04-18T19:03:23Z">
      <class name="com.nopCommerce.testcases.LoginPage_TC001">
        <test-method status="PASS" signature="setup(java.lang.String)[pri:0, instance:com.nopCommerce.testcases.LoginPage_TC001@5f2108b5]" name="setup" is-config="true" duration-ms="10509" started-at="2019-04-18T19:03:02Z" finished-at="2019-04-18T19:03:13Z">
          <params>
            <param index="0">
              <value>
                <![CDATA[firefox]]>
              </value>
            </param>
          </params>
          <reporter-output>
          </reporter-output>
        </test-method> <!-- setup -->
        <test-method status="PASS" signature="logintest()[pri:0, instance:com.nopCommerce.testcases.LoginPage_TC001@5f2108b5]" name="logintest" duration-ms="7735" started-at="2019-04-18T19:03:13Z" finished-at="2019-04-18T19:03:20Z">
          <reporter-output>
          </reporter-output>
        </test-method> <!-- logintest -->
        <test-method status="PASS" signature="tearDown()[pri:0, instance:com.nopCommerce.testcases.LoginPage_TC001@5f2108b5]" name="tearDown" is-config="true" duration-ms="2241" started-at="2019-04-18T19:03:20Z" finished-at="2019-04-18T19:03:23Z">
          <reporter-output>
          </reporter-output>
        </test-method> <!-- tearDown -->
      </class> <!-- com.nopCommerce.testcases.LoginPage_TC001 -->
    </test> <!-- firefoxtest -->
    <test name="ietest" duration-ms="10780" started-at="2019-04-18T19:03:23Z" finished-at="2019-04-18T19:03:33Z">
      <class name="com.nopCommerce.testcases.LoginPage_TC001">
        <test-method status="PASS" signature="setup(java.lang.String)[pri:0, instance:com.nopCommerce.testcases.LoginPage_TC001@72d818d1]" name="setup" is-config="true" duration-ms="2045" started-at="2019-04-18T19:03:23Z" finished-at="2019-04-18T19:03:25Z">
          <params>
            <param index="0">
              <value>
                <![CDATA[ie]]>
              </value>
            </param>
          </params>
          <reporter-output>
          </reporter-output>
        </test-method> <!-- setup -->
        <test-method status="PASS" signature="logintest()[pri:0, instance:com.nopCommerce.testcases.LoginPage_TC001@72d818d1]" name="logintest" duration-ms="8182" started-at="2019-04-18T19:03:25Z" finished-at="2019-04-18T19:03:33Z">
          <reporter-output>
          </reporter-output>
        </test-method> <!-- logintest -->
        <test-method status="PASS" signature="tearDown()[pri:0, instance:com.nopCommerce.testcases.LoginPage_TC001@72d818d1]" name="tearDown" is-config="true" duration-ms="550" started-at="2019-04-18T19:03:33Z" finished-at="2019-04-18T19:03:33Z">
          <reporter-output>
          </reporter-output>
        </test-method> <!-- tearDown -->
      </class> <!-- com.nopCommerce.testcases.LoginPage_TC001 -->
    </test> <!-- ietest -->
  </suite> <!-- nopcommercesuite -->
</testng-results>
